C51 COMPILER V9.00   MAIN                                                                  07/04/2017 17:56:27 PAGE 1   


C51 COMPILER V9.00, COMPILATION OF MODULE MAIN
OBJECT MODULE PLACED IN main.OBJ
COMPILER INVOKED BY: C:\Keil_v5\C51\BIN\C51.EXE main.c BROWSE DEBUG OBJECTEXTEND

line level    source

   1          #include <STC12C5A.H>  
*** WARNING C318 IN LINE 1 OF main.c: can't open file 'STC12C5A.H'
   2          #include <stdio.h>
   3          #include <absacc.h>
   4          #include <intrins.h>
   5          
   6          #define  Fosc  22118400     //晶振频率
   7          
   8          #define uchar unsigned char
   9          #define uint unsigned int
  10          
  11          sbit  Speaker=P1^1;
*** ERROR C202 IN LINE 11 OF MAIN.C: 'P1': undefined identifier
  12          sbit  Led=P1^0;
*** ERROR C202 IN LINE 12 OF MAIN.C: 'P1': undefined identifier
  13          
  14          sbit  DATA=P3^4;        //手柄接口
*** ERROR C202 IN LINE 14 OF MAIN.C: 'P3': undefined identifier
  15          sbit  CMND=P3^5;
*** ERROR C202 IN LINE 15 OF MAIN.C: 'P3': undefined identifier
  16          sbit  ATT=P3^6;
*** ERROR C202 IN LINE 16 OF MAIN.C: 'P3': undefined identifier
  17          sbit  CLK=P3^7;
*** ERROR C202 IN LINE 17 OF MAIN.C: 'P3': undefined identifier
  18          
  19          /********手柄定义变量*********/
  20          uchar code scan[9]={0x01,0x42,0x00,0x00,0x00,0x00,0x00,0x00,0x00};
  21          uchar  out[9];  
  22          /********************************************************************
  23          * 名称 : void delayms(uint xms)
  24          * 功能 : 延时
  25          * 输入 : 有
  26          * 输出 : 无
  27          ***********************************************************************/
  28          void delayms(uint xms)
  29           {
  30   1         uint i,j;
  31   1         for(i=xms;i>0;i--)
  32   1            for(j=1700;j>0;j--);
  33   1       }
  34          /********************************************************************
  35          * 名称 : void uart_init()
  36          * 功能 : 串口设置
  37          * 输入 : 无
  38          * 输出 : 无
  39          ***********************************************************************/
  40          void uart_init()
  41          {
  42   1              SCON=0x50;//8位发送，无奇偶校验位
*** ERROR C202 IN LINE 42 OF MAIN.C: 'SCON': undefined identifier
  43   1              BRT=0xfa;//BRT=256-Fosc/32/9600/12;
*** ERROR C202 IN LINE 43 OF MAIN.C: 'BRT': undefined identifier
  44   1              AUXR=0x91;//选择并打开独立计数器
*** ERROR C202 IN LINE 44 OF MAIN.C: 'AUXR': undefined identifier
  45   1          EA=1; // 打开总中断开关
C51 COMPILER V9.00   MAIN                                                                  07/04/2017 17:56:27 PAGE 2   

*** ERROR C202 IN LINE 45 OF MAIN.C: 'EA': undefined identifier
  46   1          ES=1; // 打开串口中断开关 
*** ERROR C202 IN LINE 46 OF MAIN.C: 'ES': undefined identifier
  47   1      }
  48          /********************************************************************
  49          * 名称 : uart_sendata(uchar n)
  50          * 功能 : 发送字节
  51          * 输入 : 有
  52          * 输出 : 无
  53          ***********************************************************************/
  54          void uart_sendata(uchar n)
  55          {       
  56   1          ES=0;
*** ERROR C202 IN LINE 56 OF MAIN.C: 'ES': undefined identifier
  57   1              TI=0;
*** ERROR C202 IN LINE 57 OF MAIN.C: 'TI': undefined identifier
  58   1          SBUF = n;
*** ERROR C202 IN LINE 58 OF MAIN.C: 'SBUF': undefined identifier
  59   1              while(!TI);                   //如果发送完毕，硬件会置位TI
*** ERROR C202 IN LINE 59 OF MAIN.C: 'TI': undefined identifier
  60   1              TI=0;
*** ERROR C202 IN LINE 60 OF MAIN.C: 'TI': undefined identifier
  61   1              ES=1;                           
*** ERROR C202 IN LINE 61 OF MAIN.C: 'ES': undefined identifier
  62   1      }
  63          
  64          void delay(uint n)  //delay(x)=(2.5+x)us; 
  65          {
  66   1              uint i;
  67   1              for(i=0;i<n;i++) _nop_();       
  68   1      //              _nop_();//每个_nop_();大概0.1微秒       
  69   1      }
  70          void psin(uchar command)//手柄发送子程序
  71          {
  72   1          uchar i;
  73   1          for(i=0;i<=7;i++)     //逐位接收     
  74   1          {
  75   2               if(command&0x01)        //此if下5行语句用时1us
  76   2              CMND=1;
*** ERROR C202 IN LINE 76 OF MAIN.C: 'CMND': undefined identifier
  77   2           else
  78   2              CMND=0;
*** ERROR C202 IN LINE 78 OF MAIN.C: 'CMND': undefined identifier
  79   2           command=command>>1;
  80   2                      _nop_();        
  81   2                      _nop_();
  82   2           CLK=0;
*** ERROR C202 IN LINE 82 OF MAIN.C: 'CLK': undefined identifier
  83   2           delay(10); 
  84   2           CLK=1;
*** ERROR C202 IN LINE 84 OF MAIN.C: 'CLK': undefined identifier
  85   2               delay(3);
  86   2          }
  87   1              CMND=1;
*** ERROR C202 IN LINE 87 OF MAIN.C: 'CMND': undefined identifier
  88   1      }
  89          uchar scanout(uchar command)//手柄发送子程序
  90          {
  91   1          uchar i,j=1;
  92   1              uchar res=0; 
  93   1          for(i=0;i<=7;i++)     //逐位接收     
  94   1          {
C51 COMPILER V9.00   MAIN                                                                  07/04/2017 17:56:27 PAGE 3   

  95   2               if(command&0x01)
  96   2              CMND=1;
*** ERROR C202 IN LINE 96 OF MAIN.C: 'CMND': undefined identifier
  97   2           else
  98   2              CMND=0;
*** ERROR C202 IN LINE 98 OF MAIN.C: 'CMND': undefined identifier
  99   2           command=command>>1;
 100   2                      _nop_();        
 101   2                      _nop_();
 102   2           CLK=0;
*** ERROR C202 IN LINE 102 OF MAIN.C: 'CLK': undefined identifier
 103   2           delay(10);
 104   2               if(DATA) res=res+j;
*** ERROR C202 IN LINE 104 OF MAIN.C: 'DATA': undefined identifier
 105   2           j=j<<1; 
 106   2               CLK=1;
*** ERROR C202 IN LINE 106 OF MAIN.C: 'CLK': undefined identifier
 107   2               delay(3);               
 108   2          }
 109   1          CMND=1;
*** ERROR C202 IN LINE 109 OF MAIN.C: 'CMND': undefined identifier
 110   1          return res; 
 111   1      }
 112           void Read_PS2(void)//手柄读取程序
 113          {
 114   1               uchar i;
 115   1           ATT=0;
*** ERROR C202 IN LINE 115 OF MAIN.C: 'ATT': undefined identifier
 116   1               for(i=0;i<9;i++)       //扫描按键
 117   1              {
 118   2               out[i]=scanout(scan[i]);       
 119   2                       } 
 120   1           ATT=1;              
*** ERROR C202 IN LINE 120 OF MAIN.C: 'ATT': undefined identifier
 121   1               for(i=0;i<9;i++)
 122   1              {
 123   2                       uart_sendata(0x30);
 124   2                       uart_sendata(0x78);
 125   2                       if(out[i]/16<10) uart_sendata(out[i]/16+0x30);
 126   2                       else uart_sendata(out[i]/16+0x37);
 127   2                       if(out[i]%16<10) uart_sendata(out[i]%16+0x30);
 128   2                       else uart_sendata(out[i]%16+0x37);
 129   2               uart_sendata(' ');
 130   2                       uart_sendata(' ');
 131   2                      }
 132   1              uart_sendata(0x0d);
 133   1          uart_sendata(0x0a);           
 134   1      }                                        
 135          void main()
 136          { 
 137   1              delayms(500);
 138   1      
 139   1          Speaker=0;
*** ERROR C202 IN LINE 139 OF MAIN.C: 'Speaker': undefined identifier
 140   1          Led=1;
*** ERROR C202 IN LINE 140 OF MAIN.C: 'Led': undefined identifier
 141   1      
 142   1              P4SW=0x70;       //P4口特殊声明
*** ERROR C202 IN LINE 142 OF MAIN.C: 'P4SW': undefined identifier
 143   1              uart_init();
 144   1      
 145   1      while(1)
C51 COMPILER V9.00   MAIN                                                                  07/04/2017 17:56:27 PAGE 4   

 146   1               {
 147   2      
 148   2               Read_PS2(); 
 149   2               delayms(500);
 150   2              }
 151   1      
 152   1      } 
 153          
 154          /*****************************PS2遥控器说明
 155          out[3]==0xEF//左4个按键中上
 156          out[3]==0xBF//左4个按键中下
 157          out[3]==0x7F//左4个按键中左
 158          out[3]==0xDF//左4个按键中右
 159          
 160          out[4]==0xEF//右4个按键中上
 161          out[4]==0xBF//右4个按键中下
 162          out[4]==0x7F//右4个按键中左
 163          out[4]==0xDF//右4个按键中右
 164          
 165          out[4]==0xFB//左1,2个按键中1
 166          out[4]==0xFE//左1,2个按键中2
 167          out[4]==0xF7//右1,2个按键中1
 168          out[4]==0xFD//右1,2个按键中2
 169          
 170          当按下MODE键手柄MODE LED灯亮起时
 171          out[7] 00――80――FF 左摇杆从左到右
 172          out[8] 00――7F――FF 左摇杆从上到下
 173          out[5] 00――80――FF 右摇杆从左到右
 174          out[6] 00――7F――FF 右摇杆从上到下
 175          当手柄MODE LED灯不亮时，手柄功能同左四右四按键
 176          *******************************/

C51 COMPILATION COMPLETE.  1 WARNING(S),  33 ERROR(S)
